<?xml version="1.0" encoding="UTF-8"?>
<!-- Generated by org.testng.reporters.JUnitReportReporter -->
<testsuite hostname="DESKTOP-JCQP1JJ" failures="0" tests="2" name="quanlinguoidung.ThemNguoiDung" time="79.744" errors="0" timestamp="2025-03-01T16:18:10 ICT" skipped="0">
  <testcase classname="quanlinguoidung.ThemNguoiDung" name="AuthenTk" time="56.812"/>
  <system-out/>
  <testcase classname="quanlinguoidung.ThemNguoiDung" name="ThemDSNguoiDung" time="22.932"/>
  <system-out/>
</testsuite> <!-- quanlinguoidung.ThemNguoiDung -->
