<?xml version="1.0" encoding="UTF-8"?>
<!-- Generated by org.testng.reporters.JUnitReportReporter -->
<testsuite hostname="DESKTOP-JCQP1JJ" failures="0" tests="2" name="quanlihocky.TaoHK" time="93.446" errors="0" timestamp="2025-03-06T22:47:21 ICT" skipped="0">
  <testcase classname="quanlihocky.TaoHK" name="AuthenTk" time="71.150"/>
  <system-out/>
  <testcase classname="quanlihocky.TaoHK" name="ClickHocKy" time="22.296"/>
  <system-out/>
</testsuite> <!-- quanlihocky.TaoHK -->
