<?xml version="1.0" encoding="UTF-8"?>
<!-- Generated by org.testng.reporters.JUnitReportReporter -->
<testsuite hostname="DESKTOP-JCQP1JJ" failures="0" tests="3" name="quanlihocky.Delete_HK" time="77.714" errors="0" timestamp="2025-03-06T23:34:52 ICT" skipped="0">
  <testcase classname="quanlihocky.Delete_HK" name="HKvaN1" time="7.007"/>
  <system-out/>
  <testcase classname="quanlihocky.Delete_HK" name="AuthenTk" time="60.770"/>
  <system-out/>
  <testcase classname="quanlihocky.Delete_HK" name="HKvaN" time="9.937"/>
  <system-out/>
</testsuite> <!-- quanlihocky.Delete_HK -->
