<?xml version="1.0" encoding="UTF-8"?>
<!-- Generated by org.testng.reporters.JUnitReportReporter -->
<testsuite hostname="DESKTOP-JCQP1JJ" failures="0" tests="3" name="quanlihocky.TimKiem_HK" time="64.652" errors="0" timestamp="2025-03-07T00:31:12 ICT" skipped="0">
  <testcase classname="quanlihocky.TimKiem_HK" name="AuthenTk" time="53.386"/>
  <system-out/>
  <testcase classname="quanlihocky.TimKiem_HK" name="TimKiemHK1" time="1.478"/>
  <system-out/>
  <testcase classname="quanlihocky.TimKiem_HK" name="TimKiemHK2" time="9.788"/>
  <system-out/>
</testsuite> <!-- quanlihocky.TimKiem_HK -->
