<?xml version="1.0" encoding="UTF-8"?>
<!-- Generated by org.testng.reporters.JUnitReportReporter -->
<testsuite hostname="DESKTOP-JCQP1JJ" failures="0" tests="3" name="quanlihocky.Xoa_HK" time="85.950" errors="0" timestamp="2025-03-09T10:43:02 ICT" skipped="0">
  <testcase classname="quanlihocky.Xoa_HK" name="HKvaN1" time="6.996"/>
  <system-out/>
  <testcase classname="quanlihocky.Xoa_HK" name="HKvaN" time="9.991"/>
  <system-out/>
  <testcase classname="quanlihocky.Xoa_HK" name="AuthenTk" time="68.963"/>
  <system-out/>
</testsuite> <!-- quanlihocky.Xoa_HK -->
