<?xml version="1.0" encoding="UTF-8"?>
<!-- Generated by org.testng.reporters.JUnitReportReporter -->
<testsuite hostname="DESKTOP-JCQP1JJ" failures="0" tests="2" name="thien.dangnhap_dangxuat" time="77.152" errors="0" timestamp="2025-02-23T20:28:00 ICT" skipped="0">
  <testcase classname="thien.dangnhap_dangxuat" name="AuthenTk" time="72.749"/>
  <system-out/>
  <testcase classname="thien.dangnhap_dangxuat" name="Out" time="4.403"/>
  <system-out/>
</testsuite> <!-- thien.dangnhap_dangxuat -->
