<?xml version="1.0" encoding="UTF-8"?>
<!-- Generated by org.testng.reporters.JUnitReportReporter -->
<testsuite hostname="DESKTOP-JCQP1JJ" failures="0" tests="2" name="quanlihocky.TaoHK" time="95.293" errors="0" timestamp="2025-03-09T10:06:37 ICT" skipped="0">
  <testcase classname="quanlihocky.TaoHK" name="AuthenTk" time="72.908"/>
  <system-out/>
  <testcase classname="quanlihocky.TaoHK" name="ClickHocKy" time="22.385"/>
  <system-out/>
</testsuite> <!-- quanlihocky.TaoHK -->
