<?xml version="1.0" encoding="UTF-8"?>
<!-- Generated by org.testng.reporters.JUnitReportReporter -->
<testsuite hostname="DESKTOP-JCQP1JJ" failures="0" tests="4" name="quanlihocky.Khoa_HK" time="87.839" errors="0" timestamp="2025-03-07T02:19:09 ICT" skipped="0">
  <testcase classname="quanlihocky.Khoa_HK" name="AuthenTk" time="52.688"/>
  <system-out/>
  <testcase classname="quanlihocky.Khoa_HK" name="ClickHocKy" time="22.090"/>
  <system-out/>
  <testcase classname="quanlihocky.Khoa_HK" name="TimKiemHK651" time="9.830"/>
  <system-out/>
  <testcase classname="quanlihocky.Khoa_HK" name="KhoaHK651" time="3.231"/>
  <system-out/>
</testsuite> <!-- quanlihocky.Khoa_HK -->
