<?xml version="1.0" encoding="UTF-8"?>
<!-- Generated by org.testng.reporters.JUnitReportReporter -->
<testsuite hostname="DESKTOP-JCQP1JJ" failures="0" tests="2" name="dangnhapdangxuat.DangnhapDangxuat" time="80.290" errors="0" timestamp="2025-03-06T22:33:08 ICT" skipped="0">
  <testcase classname="dangnhapdangxuat.DangnhapDangxuat" name="AuthenTk" time="75.846"/>
  <system-out/>
  <testcase classname="dangnhapdangxuat.DangnhapDangxuat" name="Out" time="4.444"/>
  <system-out/>
</testsuite> <!-- dangnhapdangxuat.DangnhapDangxuat -->
