<?xml version="1.0" encoding="UTF-8"?>
<!-- Generated by org.testng.reporters.JUnitReportReporter -->
<testsuite hostname="DESKTOP-JCQP1JJ" failures="0" tests="2" name="quanlihocky.TaoHocKy" time="90.826" errors="0" timestamp="2025-03-02T14:13:44 ICT" skipped="0">
  <testcase classname="quanlihocky.TaoHocKy" name="AuthenTk" time="68.783"/>
  <system-out/>
  <testcase classname="quanlihocky.TaoHocKy" name="ClickHocKy" time="22.043"/>
  <system-out/>
</testsuite> <!-- quanlihocky.TaoHocKy -->
