<?xml version="1.0" encoding="UTF-8"?>
<!-- Generated by org.testng.reporters.JUnitReportReporter -->
<testsuite hostname="DESKTOP-JCQP1JJ" failures="0" tests="2" name="quanlihocky.XemDS_HK" time="64.924" errors="0" timestamp="2025-03-07T00:14:44 ICT" skipped="0">
  <testcase classname="quanlihocky.XemDS_HK" name="AuthenTk" time="56.189"/>
  <system-out/>
  <testcase classname="quanlihocky.XemDS_HK" name="xemdanhsach" time="8.735"/>
  <system-out/>
</testsuite> <!-- quanlihocky.XemDS_HK -->
